[    0.000000] Linux version 4.15.0-200-generic (buildd@lcy02-amd64-069) (gcc version 7.5.0 (Ubuntu 7.5.0-3ubuntu1~18.04)) #211-Ubuntu SMP Thu Nov 24 18:16:04 UTC 2022 (Ubuntu 4.15.0-200.211-generic 4.15.18)
[    0.000000] Command line: BOOT_IMAGE=/boot/vmlinuz-4.15.0-200-generic root=LABEL=cloudimg-rootfs ro console=tty1 console=ttyS0
[    0.000000] KERNEL supported cpus:
[    0.000000]   Intel GenuineIntel
[    0.000000]   AMD AuthenticAMD
[    0.000000]   Centaur CentaurHauls
[    0.000000] x86/fpu: Supporting XSAVE feature 0x001: 'x87 floating point registers'
[    0.000000] x86/fpu: Supporting XSAVE feature 0x002: 'SSE registers'
[    0.000000] x86/fpu: Supporting XSAVE feature 0x004: 'AVX registers'
[    0.000000] x86/fpu: xstate_offset[2]:  576, xstate_sizes[2]:  256
[    0.000000] x86/fpu: Enabled xstate features 0x7, context size is 832 bytes, using 'standard' format.
[    0.000000] e820: BIOS-provided physical RAM map:
[    0.000000] BIOS-e820: [mem 0x0000000000000000-0x000000000009fbff] usable
[    0.000000] BIOS-e820: [mem 0x000000000009fc00-0x000000000009ffff] reserved
[    0.000000] BIOS-e820: [mem 0x00000000000f0000-0x00000000000fffff] reserved
[    0.000000] BIOS-e820: [mem 0x0000000000100000-0x000000003ffeffff] usable
[    0.000000] BIOS-e820: [mem 0x000000003fff0000-0x000000003fffffff] ACPI data
[    0.000000] BIOS-e820: [mem 0x00000000fec00000-0x00000000fec00fff] reserved
[    0.000000] BIOS-e820: [mem 0x00000000fee00000-0x00000000fee00fff] reserved
[    0.000000] BIOS-e820: [mem 0x00000000fffc0000-0x00000000ffffffff] reserved
[    0.000000] NX (Execute Disable) protection: active
[    0.000000] SMBIOS 2.5 present.
[    0.000000] DMI: innotek GmbH VirtualBox/VirtualBox, BIOS VirtualBox 12/01/2006
[    0.000000] Hypervisor detected: KVM
[    0.000000] e820: last_pfn = 0x3fff0 max_arch_pfn = 0x400000000
[    0.000000] MTRR: Disabled
[    0.000000] x86/PAT: MTRRs disabled, skipping PAT initialization too.
[    0.000000] CPU MTRRs all blank - virtualized system.
[    0.000000] x86/PAT: Configuration [0-7]: WB  WT  UC- UC  WB  WT  UC- UC  
[    0.000000] found SMP MP-table at [mem 0x0009fff0-0x0009ffff]
[    0.000000] Scanning 1 areas for low memory corruption
[    0.000000] RAMDISK: [mem 0x359c9000-0x36cdbfff]
[    0.000000] ACPI: Early table checksum verification disabled
[    0.000000] ACPI: RSDP 0x00000000000E0000 000024 (v02 VBOX  )
[    0.000000] ACPI: XSDT 0x000000003FFF0030 00003C (v01 VBOX   VBOXXSDT 00000001 ASL  00000061)
[    0.000000] ACPI: FACP 0x000000003FFF00F0 0000F4 (v04 VBOX   VBOXFACP 00000001 ASL  00000061)
[    0.000000] ACPI: DSDT 0x000000003FFF0610 002353 (v02 VBOX   VBOXBIOS 00000002 INTL 20200528)
[    0.000000] ACPI: FACS 0x000000003FFF0200 000040
[    0.000000] ACPI: FACS 0x000000003FFF0200 000040
[    0.000000] ACPI: APIC 0x000000003FFF0240 00005C (v02 VBOX   VBOXAPIC 00000001 ASL  00000061)
[    0.000000] ACPI: SSDT 0x000000003FFF02A0 00036C (v01 VBOX   VBOXCPUT 00000002 INTL 20200528)
[    0.000000] ACPI: Reserving FACP table memory at [mem 0x3fff00f0-0x3fff01e3]
[    0.000000] ACPI: Reserving DSDT table memory at [mem 0x3fff0610-0x3fff2962]
[    0.000000] ACPI: Reserving FACS table memory at [mem 0x3fff0200-0x3fff023f]
[    0.000000] ACPI: Reserving FACS table memory at [mem 0x3fff0200-0x3fff023f]
[    0.000000] ACPI: Reserving APIC table memory at [mem 0x3fff0240-0x3fff029b]
[    0.000000] ACPI: Reserving SSDT table memory at [mem 0x3fff02a0-0x3fff060b]
[    0.000000] No NUMA configuration found
[    0.000000] Faking a node at [mem 0x0000000000000000-0x000000003ffeffff]
[    0.000000] NODE_DATA(0) allocated [mem 0x3ffc5000-0x3ffeffff]
[    0.000000] kvm-clock: cpu 0, msr 0:3ff44001, primary cpu clock
[    0.000000] kvm-clock: Using msrs 4b564d01 and 4b564d00
[    0.000000] kvm-clock: using sched offset of 4724392545 cycles
[    0.000000] clocksource: kvm-clock: mask: 0xffffffffffffffff max_cycles: 0x1cd42e4dffb, max_idle_ns: 881590591483 ns
[    0.000000] Zone ranges:
[    0.000000]   DMA      [mem 0x0000000000001000-0x0000000000ffffff]
[    0.000000]   DMA32    [mem 0x0000000001000000-0x000000003ffeffff]
[    0.000000]   Normal   empty
[    0.000000]   Device   empty
[    0.000000] Movable zone start for each node
[    0.000000] Early memory node ranges
[    0.000000]   node   0: [mem 0x0000000000001000-0x000000000009efff]
[    0.000000]   node   0: [mem 0x0000000000100000-0x000000003ffeffff]
[    0.000000] Reserved but unavailable: 104 pages
[    0.000000] Initmem setup node 0 [mem 0x0000000000001000-0x000000003ffeffff]
[    0.000000] ACPI: PM-Timer IO Port: 0x4008
[    0.000000] IOAPIC[0]: apic_id 2, version 32, address 0xfec00000, GSI 0-23
[    0.000000] ACPI: INT_SRC_OVR (bus 0 bus_irq 0 global_irq 2 dfl dfl)
[    0.000000] ACPI: INT_SRC_OVR (bus 0 bus_irq 9 global_irq 9 low level)
[    0.000000] Using ACPI (MADT) for SMP configuration information
[    0.000000] smpboot: Allowing 2 CPUs, 0 hotplug CPUs
[    0.000000] PM: Registered nosave memory: [mem 0x00000000-0x00000fff]
[    0.000000] PM: Registered nosave memory: [mem 0x0009f000-0x0009ffff]
[    0.000000] PM: Registered nosave memory: [mem 0x000a0000-0x000effff]
[    0.000000] PM: Registered nosave memory: [mem 0x000f0000-0x000fffff]
[    0.000000] e820: [mem 0x40000000-0xfebfffff] available for PCI devices
[    0.000000] Booting paravirtualized kernel on KVM
[    0.000000] clocksource: refined-jiffies: mask: 0xffffffff max_cycles: 0xffffffff, max_idle_ns: 7645519600211568 ns
[    0.000000] setup_percpu: NR_CPUS:8192 nr_cpumask_bits:2 nr_cpu_ids:2 nr_node_ids:1
[    0.000000] percpu: Embedded 50 pages/cpu s167936 r8192 d28672 u1048576
[    0.000000] PV qspinlock hash table entries: 256 (order: 0, 4096 bytes)
[    0.000000] Built 1 zonelists, mobility grouping on.  Total pages: 257913
[    0.000000] Policy zone: DMA32
[    0.000000] Kernel command line: BOOT_IMAGE=/boot/vmlinuz-4.15.0-200-generic root=LABEL=cloudimg-rootfs ro console=tty1 console=ttyS0
[    0.000000] Memory: 982648K/1048120K available (12300K kernel code, 2477K rwdata, 4320K rodata, 2472K init, 2720K bss, 65472K reserved, 0K cma-reserved)
[    0.000000] SLUB: HWalign=64, Order=0-3, MinObjects=0, CPUs=2, Nodes=1
[    0.000000] Kernel/User page tables isolation: enabled
[    0.000000] ftrace: allocating 39478 entries in 155 pages
[    0.004000] Hierarchical RCU implementation.
[    0.004000] 	RCU restricting CPUs from NR_CPUS=8192 to nr_cpu_ids=2.
[    0.004000] 	Tasks RCU enabled.
[    0.004000] RCU: Adjusting geometry for rcu_fanout_leaf=16, nr_cpu_ids=2
[    0.004000] NR_IRQS: 524544, nr_irqs: 440, preallocated irqs: 16
[    0.004000] random: crng init done
[    0.004000] Console: colour VGA+ 80x25
[    0.004000] console [tty1] enabled
[    0.004000] console [ttyS0] enabled
[    0.004000] ACPI: Core revision 20170831
[    0.004000] ACPI: 2 ACPI AML tables successfully acquired and loaded
[    0.004000] APIC: Switch to symmetric I/O mode setup
[    0.005827] x2apic enabled
[    0.008021] Switched APIC routing to physical x2apic.
[    0.016000] ..TIMER: vector=0x30 apic1=0 pin1=2 apic2=-1 pin2=-1
[    0.016008] tsc: Detected 1618.734 MHz processor
[    0.019506] Calibrating delay loop (skipped) preset value.. 3237.46 BogoMIPS (lpj=6474936)
[    0.020016] pid_max: default: 32768 minimum: 301
[    0.024066] Security Framework initialized
[    0.028004] Yama: becoming mindful.
[    0.030695] AppArmor: AppArmor initialized
[    0.033869] Dentry cache hash table entries: 131072 (order: 8, 1048576 bytes)
[    0.036912] Inode-cache hash table entries: 65536 (order: 7, 524288 bytes)
[    0.040074] Mount-cache hash table entries: 2048 (order: 2, 16384 bytes)
[    0.044052] Mountpoint-cache hash table entries: 2048 (order: 2, 16384 bytes)
[    0.049770] Last level iTLB entries: 4KB 64, 2MB 8, 4MB 8
[    0.052005] Last level dTLB entries: 4KB 64, 2MB 0, 4MB 0, 1GB 4
[    0.056022] Spectre V1 : Mitigation: usercopy/swapgs barriers and __user pointer sanitization
[    0.060004] Spectre V2 : Mitigation: Retpolines
[    0.064002] Spectre V2 : Spectre v2 / SpectreRSB mitigation: Filling RSB on context switch
[    0.068003] Speculative Store Bypass: Vulnerable
[    0.072055] MDS: Mitigation: Clear CPU buffers
[    0.075257] MMIO Stale Data: Mitigation: Clear CPU buffers
[    0.076027] SRBDS: Unknown: Dependent on hypervisor status
[    0.080222] Freeing SMP alternatives memory: 36K
[    0.201828] APIC calibration not consistent with PM-Timer: 104ms instead of 100ms
[    0.204000] APIC delta adjusted to PM-Timer: 6305666 (6605347)
[    0.204253] smpboot: CPU0: Intel(R) Core(TM) i5-8210Y CPU @ 1.60GHz (family: 0x6, model: 0x8e, stepping: 0x9)
[    0.208325] Performance Events: unsupported p6 CPU model 142 no PMU driver, software events only.
[    0.212096] Hierarchical SRCU implementation.
[    0.216736] NMI watchdog: Perf event create on CPU 0 failed with -2
[    0.220003] NMI watchdog: Perf NMI watchdog permanently disabled
[    0.224171] smp: Bringing up secondary CPUs ...
[    0.232343] x86: Booting SMP configuration:
[    0.235774] .... node  #0, CPUs:      #1
[    0.004000] kvm-clock: cpu 1, msr 0:3ff44041, secondary cpu clock
[    0.276114] smp: Brought up 1 node, 2 CPUs
[    0.280012] smpboot: Max logical packages: 1
[    0.288011] smpboot: Total of 2 processors activated (6474.93 BogoMIPS)
[    0.296004] devtmpfs: initialized
[    0.300085] x86/mm: Memory block size: 128MB
[    0.304306] evm: security.selinux
[    0.308005] evm: security.SMACK64
[    0.310691] evm: security.SMACK64EXEC
[    0.312002] evm: security.SMACK64TRANSMUTE
[    0.316007] evm: security.SMACK64MMAP
[    0.320004] evm: security.apparmor
[    0.324007] evm: security.ima
[    0.328008] evm: security.capability
[    0.332200] clocksource: jiffies: mask: 0xffffffff max_cycles: 0xffffffff, max_idle_ns: 7645041785100000 ns
[    0.336010] futex hash table entries: 512 (order: 3, 32768 bytes)
[    0.340122] pinctrl core: initialized pinctrl subsystem
[    0.344426] RTC time: 18:03:41, date: 12/26/22
[    0.352209] NET: Registered protocol family 16
[    0.356119] audit: initializing netlink subsys (disabled)
[    0.364031] audit: type=2000 audit(1672077826.690:1): state=initialized audit_enabled=0 res=1
[    0.368015] cpuidle: using governor ladder
[    0.372019] cpuidle: using governor menu
[    0.376064] ACPI: bus type PCI registered
[    0.380004] acpiphp: ACPI Hot Plug PCI Controller Driver version: 0.5
[    0.384440] PCI: Using configuration type 1 for base access
[    0.392333] HugeTLB registered 2.00 MiB page size, pre-allocated 0 pages
[    0.396219] ACPI: Added _OSI(Module Device)
[    0.400032] ACPI: Added _OSI(Processor Device)
[    0.404016] ACPI: Added _OSI(3.0 _SCP Extensions)
[    0.408007] ACPI: Added _OSI(Processor Aggregator Device)
[    0.412008] ACPI: Added _OSI(Linux-Dell-Video)
[    0.416005] ACPI: Added _OSI(Linux-Lenovo-NV-HDMI-Audio)
[    0.420005] ACPI: Added _OSI(Linux-HPI-Hybrid-Graphics)
[    0.424749] ACPI: Executed 1 blocks of module-level executable AML code
[    0.435811] ACPI: Interpreter enabled
[    0.436022] ACPI: (supports S0 S5)
[    0.440004] ACPI: Using IOAPIC for interrupt routing
[    0.444449] PCI: Using host bridge windows from ACPI; if necessary, use "pci=nocrs" and report a bug
[    0.448278] ACPI: Enabled 2 GPEs in block 00 to 07
[    0.468248] ACPI: PCI Root Bridge [PCI0] (domain 0000 [bus 00-ff])
[    0.472144] acpi PNP0A03:00: _OSC: OS supports [ASPM ClockPM Segments MSI]
[    0.477030] acpi PNP0A03:00: _OSC: not requesting OS control; OS requires [ExtendedConfig ASPM ClockPM MSI]
[    0.480019] acpi PNP0A03:00: fail to add MMCONFIG information, can't access extended PCI configuration space under this bridge.
[    0.485175] PCI host bridge to bus 0000:00
[    0.488007] pci_bus 0000:00: root bus resource [io  0x0000-0x0cf7 window]
[    0.492011] pci_bus 0000:00: root bus resource [io  0x0d00-0xffff window]
[    0.500020] pci_bus 0000:00: root bus resource [mem 0x000a0000-0x000bffff window]
[    0.508015] pci_bus 0000:00: root bus resource [mem 0x40000000-0xfdffffff window]
[    0.512005] pci_bus 0000:00: root bus resource [bus 00-ff]
[    0.525329] pci 0000:00:01.1: legacy IDE quirk: reg 0x10: [io  0x01f0-0x01f7]
[    0.528004] pci 0000:00:01.1: legacy IDE quirk: reg 0x14: [io  0x03f6]
[    0.532005] pci 0000:00:01.1: legacy IDE quirk: reg 0x18: [io  0x0170-0x0177]
[    0.536004] pci 0000:00:01.1: legacy IDE quirk: reg 0x1c: [io  0x0376]
[    0.604365] pci 0000:00:07.0: quirk: [io  0x4000-0x403f] claimed by PIIX4 ACPI
[    0.608048] pci 0000:00:07.0: quirk: [io  0x4100-0x410f] claimed by PIIX4 SMB
[    0.632716] ACPI: PCI Interrupt Link [LNKA] (IRQs 5 9 10 *11)
[    0.636584] ACPI: PCI Interrupt Link [LNKB] (IRQs 5 9 *10 11)
[    0.640230] ACPI: PCI Interrupt Link [LNKC] (IRQs 5 *9 10 11)
[    0.644370] ACPI: PCI Interrupt Link [LNKD] (IRQs 5 9 10 *11)
[    0.648585] SCSI subsystem initialized
[    0.656120] pci 0000:00:02.0: vgaarb: setting as boot VGA device
[    0.660000] pci 0000:00:02.0: vgaarb: VGA device added: decodes=io+mem,owns=io+mem,locks=none
[    0.660008] pci 0000:00:02.0: vgaarb: bridge control possible
[    0.664003] vgaarb: loaded
[    0.668065] ACPI: bus type USB registered
[    0.671149] usbcore: registered new interface driver usbfs
[    0.672028] usbcore: registered new interface driver hub
[    0.676029] usbcore: registered new device driver usb
[    0.680052] EDAC MC: Ver: 3.0.0
[    0.684184] PCI: Using ACPI for IRQ routing
[    0.688470] NetLabel: Initializing
[    0.692005] NetLabel:  domain hash size = 128
[    0.695568] NetLabel:  protocols = UNLABELED CIPSOv4 CALIPSO
[    0.696034] NetLabel:  unlabeled traffic allowed by default
[    0.700169] clocksource: Switched to clocksource kvm-clock
[    0.728805] VFS: Disk quotas dquot_6.6.0
[    0.731918] VFS: Dquot-cache hash table entries: 512 (order 0, 4096 bytes)
[    0.737870] AppArmor: AppArmor Filesystem Enabled
[    0.742749] pnp: PnP ACPI init
[    0.748921] pnp: PnP ACPI: found 3 devices
[    0.801935] clocksource: acpi_pm: mask: 0xffffff max_cycles: 0xffffff, max_idle_ns: 2085701024 ns
[    0.809033] NET: Registered protocol family 2
[    0.813286] IP idents hash table entries: 16384 (order: 5, 131072 bytes)
[    0.826876] TCP established hash table entries: 8192 (order: 4, 65536 bytes)
[    0.846751] TCP bind hash table entries: 8192 (order: 5, 131072 bytes)
[    0.852140] TCP: Hash tables configured (established 8192 bind 8192)
[    0.857509] UDP hash table entries: 512 (order: 2, 16384 bytes)
[    0.861957] UDP-Lite hash table entries: 512 (order: 2, 16384 bytes)
[    0.866497] NET: Registered protocol family 1
[    0.894850] pci 0000:00:00.0: Limiting direct PCI/PCI transfers
[    0.899599] pci 0000:00:01.0: Activating ISA DMA hang workarounds
[    0.904498] pci 0000:00:02.0: Video device with shadowed ROM at [mem 0x000c0000-0x000dffff]
[    0.912004] Unpacking initramfs...
[    1.765696] Freeing initrd memory: 19532K
[    1.790753] clocksource: tsc: mask: 0xffffffffffffffff max_cycles: 0x1755464589b, max_idle_ns: 440795258953 ns
[    1.798422] platform rtc_cmos: registered platform RTC device (no PNP device found)
[    1.804109] Scanning for low memory corruption every 60 seconds
[    1.810444] Initialise system trusted keyrings
[    1.839686] Key type blacklist registered
[    1.844343] workingset: timestamp_bits=36 max_order=18 bucket_order=0
[    1.850950] zbud: loaded
[    1.854006] squashfs: version 4.0 (2009/01/31) Phillip Lougher
[    1.858751] fuse init (API version 7.26)
[    1.869370] Key type asymmetric registered
[    1.872395] Asymmetric key parser 'x509' registered
[    1.876517] Block layer SCSI generic (bsg) driver version 0.4 loaded (major 246)
[    1.882296] io scheduler noop registered
[    1.885758] io scheduler deadline registered
[    1.889289] io scheduler cfq registered (default)
[    1.893985] ACPI: AC Adapter [AC] (on-line)
[    1.897596] input: Power Button as /devices/LNXSYSTM:00/LNXPWRBN:00/input/input0
[    1.904293] ACPI: Power Button [PWRF]
[    1.907907] input: Sleep Button as /devices/LNXSYSTM:00/LNXSLPBN:00/input/input1
[    1.913368] ACPI: Sleep Button [SLPF]
[    1.919966] ACPI: Battery Slot [BAT0] (battery present)
[    1.926233] Serial: 8250/16550 driver, 32 ports, IRQ sharing enabled
[    1.959154] 00:02: ttyS0 at I/O 0x3f8 (irq = 4, base_baud = 115200) is a 16550A
[    1.972220] Linux agpgart interface v0.103
[    1.980774] loop: module loaded
[    1.985505] scsi host0: ata_piix
[    1.990091] scsi host1: ata_piix
[    1.993318] ata1: PATA max UDMA/33 cmd 0x1f0 ctl 0x3f6 bmdma 0xd000 irq 14
[    2.003354] ata2: PATA max UDMA/33 cmd 0x170 ctl 0x376 bmdma 0xd008 irq 15
[    2.015181] tun: Universal TUN/TAP device driver, 1.6
[    2.028190] PPP generic driver version 2.4.2
[    2.036561] ehci_hcd: USB 2.0 'Enhanced' Host Controller (EHCI) Driver
[    2.045908] ehci-pci: EHCI PCI platform driver
[    2.049549] ehci-platform: EHCI generic platform driver
[    2.054536] ohci_hcd: USB 1.1 'Open' Host Controller (OHCI) Driver
[    2.059722] ohci-pci: OHCI PCI platform driver
[    2.084213] ohci-platform: OHCI generic platform driver
[    2.089151] uhci_hcd: USB Universal Host Controller Interface driver
[    2.094530] i8042: PNP: PS/2 Controller [PNP0303:PS2K,PNP0f03:PS2M] at 0x60,0x64 irq 1,12
[    2.102946] serio: i8042 KBD port at 0x60,0x64 irq 1
[    2.106596] serio: i8042 AUX port at 0x60,0x64 irq 12
[    2.248285] mousedev: PS/2 mouse device common for all mice
[    2.256581] input: AT Translated Set 2 keyboard as /devices/platform/i8042/serio0/input/input2
[    2.295513] rtc_cmos rtc_cmos: rtc core: registered rtc_cmos as rtc0
[    2.334824] rtc_cmos rtc_cmos: alarms up to one day, 114 bytes nvram
[    2.340166] i2c /dev entries driver
[    2.343167] device-mapper: uevent: version 1.0.3
[    2.347607] device-mapper: ioctl: 4.37.0-ioctl (2017-09-20) initialised: dm-devel@redhat.com
[    2.355516] ledtrig-cpu: registered to indicate activity on CPUs
[    2.387525] NET: Registered protocol family 10
[    2.400048] Segment Routing with IPv6
[    2.403472] NET: Registered protocol family 17
[    2.412702] Key type dns_resolver registered
[    2.435463] mce: Using 0 MCE banks
[    2.438170] RAS: Correctable Errors collector initialized.
[    2.442092] sched_clock: Marking stable (2442040604, 0)->(3824055683, -1382015079)
[    2.450511] registered taskstats version 1
[    2.453923] Loading compiled-in X.509 certificates
[    2.469860] Loaded X.509 cert 'Build time autogenerated kernel key: 29e5beaa583364da097e68c9386761f80dbce7ef'
[    2.477542] Loaded X.509 cert 'Canonical Ltd. Live Patch Signing: 14df34d1a87cf37625abec039ef2bf521249b969'
[    2.485573] Loaded X.509 cert 'Canonical Ltd. Kernel Module Signing: 88f752e560a1e0737e31163a466ad7b70a850c19'
[    2.492580] blacklist: Loading compiled-in revocation X.509 certificates
[    2.497399] Loaded X.509 cert 'Canonical Ltd. Secure Boot Signing: 61482aa2830d0ab2ad5af10b7250da9033ddcef0'
[    2.504566] zswap: loaded using pool lzo/zbud
[    2.515309] Key type big_key registered
[    2.519023] Key type trusted registered
[    2.529031] Key type encrypted registered
[    2.533935] AppArmor: AppArmor sha1 policy hashing enabled
[    2.545166] ima: No TPM chip found, activating TPM-bypass! (rc=-19)
[    2.549676] ima: Allocated hash algorithm: sha1
[    2.553059] evm: HMAC attrs: 0x1
[    2.556504]   Magic number: 2:415:90
[    2.559192]  edac: hash matches
[    2.564732] rtc_cmos rtc_cmos: setting system clock to 2022-12-26 18:03:43 UTC (1672077823)
[    2.571911] BIOS EDD facility v0.16 2004-Jun-25, 0 devices found
[    2.576431] EDD information not available.
[    2.584508] Freeing unused kernel image memory: 2472K
[    2.608502] Write protecting the kernel read-only data: 20480k
[    2.635777] Freeing unused kernel image memory: 2008K
[    2.640409] Freeing unused kernel image memory: 1824K
[    2.651807] x86/mm: Checked W+X mappings: passed, no W+X pages found.
[    2.683934] x86/mm: Checking user space page tables
[    2.694168] x86/mm: Checked W+X mappings: passed, no W+X pages found.
Loading, please wait...
starting version 237
[    2.835411] e1000: Intel(R) PRO/1000 Network Driver - version 7.3.21-k8-NAPI
[    2.846848] e1000: Copyright (c) 1999-2006 Intel Corporation.
[    2.883315] Fusion MPT base driver 3.04.20
[    2.886994] Copyright (c) 1999-2008 LSI Corporation
[    2.941306] Fusion MPT SPI Host driver 3.04.20
[    2.995605] AVX2 version of gcm_enc/dec engaged.
[    3.036318] AES CTR mode by8 optimization enabled
[    3.158285] input: ImExPS/2 Generic Explorer Mouse as /devices/platform/i8042/serio1/input/input4
[    3.855942] e1000 0000:00:03.0 eth0: (PCI:33MHz:32-bit) 02:40:49:ac:f0:20
[    3.862293] e1000 0000:00:03.0 eth0: Intel(R) PRO/1000 Network Connection
[    3.869179] mptbase: ioc0: Initiating bringup
[    3.983595] ioc0: LSI53C1030 A0: Capabilities={Initiator}
[    4.239523] scsi host2: ioc0: LSI53C1030 A0, FwRev=00000000h, Ports=1, MaxQ=256, IRQ=20
[    4.413121] scsi 2:0:0:0: Direct-Access     VBOX     HARDDISK         1.0  PQ: 0 ANSI: 5
[    4.456842] scsi target2:0:0: Beginning Domain Validation
[    4.617864] scsi target2:0:0: Domain Validation skipping write tests
[    4.623407] scsi target2:0:0: Ending Domain Validation
[    4.628303] scsi target2:0:0: asynchronous
[    4.641247] scsi 2:0:1:0: Direct-Access     VBOX     HARDDISK         1.0  PQ: 0 ANSI: 5
[    4.952923] scsi target2:0:1: Beginning Domain Validation
[    5.019645] scsi target2:0:1: Domain Validation skipping write tests
[    5.031506] scsi target2:0:1: Ending Domain Validation
[    5.036014] scsi target2:0:1: asynchronous
[    5.054300] sd 2:0:0:0: Attached scsi generic sg0 type 0
[    5.077029] e1000 0000:00:08.0 eth1: (PCI:33MHz:32-bit) 08:00:27:4a:db:39
[    5.083654] sd 2:0:1:0: Attached scsi generic sg1 type 0
[    5.102349] e1000 0000:00:08.0 eth1: Intel(R) PRO/1000 Network Connection
[    5.115830] sd 2:0:0:0: [sda] 83886080 512-byte logical blocks: (42.9 GB/40.0 GiB)
[    5.121989] sd 2:0:1:0: [sdb] 20480 512-byte logical blocks: (10.5 MB/10.0 MiB)
[    5.124536] sd 2:0:0:0: [sda] Write Protect is off
[    5.134804] sd 2:0:1:0: [sdb] Write Protect is off
[    5.135058] sd 2:0:0:0: [sda] Incomplete mode parameter data
[    5.168045] sd 2:0:0:0: [sda] Assuming drive cache: write through
[    5.175112] sd 2:0:1:0: [sdb] Incomplete mode parameter data
[    5.180192] sd 2:0:1:0: [sdb] Assuming drive cache: write through
[    5.191252]  sda: sda1
[    5.199737] sd 2:0:0:0: [sda] Attached SCSI disk
[    5.219776] sd 2:0:1:0: [sdb] Attached SCSI disk
[    5.225812] e1000 0000:00:03.0 enp0s3: renamed from eth0
[    5.261185] e1000 0000:00:08.0 enp0s8: renamed from eth1
Begin: Loading essential drivers ... [    8.748729] raid6: sse2x1   gen()  6886 MB/s
[    8.800524] raid6: sse2x1   xor()  4223 MB/s
[    8.852481] raid6: sse2x2   gen()  9803 MB/s
[    8.905923] raid6: sse2x2   xor()  6521 MB/s
[    8.957205] raid6: sse2x4   gen()  8819 MB/s
[    9.008410] raid6: sse2x4   xor()  7852 MB/s
[    9.060448] raid6: avx2x1   gen() 15906 MB/s
[    9.112065] raid6: avx2x1   xor() 11408 MB/s
[    9.164390] raid6: avx2x2   gen() 19569 MB/s
[    9.216115] raid6: avx2x2   xor() 11685 MB/s
[    9.286239] raid6: avx2x4   gen() 15640 MB/s
[    9.340499] raid6: avx2x4   xor() 13238 MB/s
[    9.344865] raid6: using algorithm avx2x2 gen() 19569 MB/s
[    9.352047] raid6: .... xor() 11685 MB/s, rmw enabled
[    9.358963] raid6: using avx2x2 recovery algorithm
[    9.371287] xor: automatically using best checksumming function   avx       
[    9.388670] async_tx: api initialized (async)
done.
Begin: Running /scripts/init-premount ... done.
Begin: Mounting root file system ... Begin: Running /scripts/local-top ... done.
Begin: Running /scripts/local-premount ... [    9.484758] Btrfs loaded, crc32c=crc32c-intel
Scanning for Btrfs filesystems
done.
Warning: fsck not present, so skipping root file system
[    9.701379] EXT4-fs (sda1): mounted filesystem with ordered data mode. Opts: (null)
done.
Begin: Running /scripts/local-bottom ... done.
Begin: Running /scripts/init-bottom ... done.
[   10.163729] ip_tables: (C) 2000-2006 Netfilter Core Team
[   10.206862] systemd[1]: systemd 237 running in system mode. (+PAM +AUDIT +SELINUX +IMA +APPARMOR +SMACK +SYSVINIT +UTMP +LIBCRYPTSETUP +GCRYPT +GNUTLS +ACL +XZ +LZ4 +SECCOMP +BLKID +ELFUTILS +KMOD -IDN2 +IDN -PCRE2 default-hierarchy=hybrid)
[   10.250024] systemd[1]: Detected virtualization oracle.
[   10.262244] systemd[1]: Detected architecture x86-64.

Welcome to [1mUbuntu 18.04.6 LTS[0m!

[   10.344485] systemd[1]: Set hostname to <ubuntu>.
[   10.408459] systemd[1]: Initializing machine ID from random generator.
[   10.436726] systemd[1]: Installed transient /etc/machine-id file.
[   11.211682] systemd[1]: Created slice User and Session Slice.
[[0;32m  OK  [0m] Created slice User and Session Slice.
[   11.232282] systemd[1]: Created slice System Slice.
[[0;32m  OK  [0m] Created slice System Slice.
[   11.241282] systemd[1]: Listening on Journal Socket (/dev/log).
[[0;32m  OK  [0m] Listening on Journal Socket (/dev/log).
[   11.265449] systemd[1]: Listening on udev Kernel Socket.
[[0;32m  OK  [0m] Listening on udev Kernel Socket.
[[0;32m  OK  [0m] Listening on Syslog Socket.
[[0;32m  OK  [0m] Listening on Device-mapper event daemon FIFOs.
[[0;32m  OK  [0m] Started Forward Password Requests to Wall Directory Watch.
[[0;32m  OK  [0m] Listening on Network Service Netlink Socket.
[[0;32m  OK  [0m] Listening on LVM2 poll daemon socket.
[[0;32m  OK  [0m] Reached target System Time Synchronized.
[[0;32m  OK  [0m] Listening on udev Control Socket.
[[0;32m  OK  [0m] Listening on LVM2 metadata daemon socket.
[[0;32m  OK  [0m] Listening on Journal Socket.
         Starting Uncomplicated firewall...
         Starting Load Kernel Modules...
         Starting Set the console keyboard layout...
         Mounting POSIX Message Queue File System...
[   11.374091] Loading iSCSI transport class v2.0-870.
         Mounting Kernel Debug File System...
         Starting Create list of required st…ce nodes for the current kernel...
[   11.414042] iscsi: registered transport (tcp)
         Starting udev Coldplug all Devices...
         Starting Monitoring of LVM2 mirrors…ng dmeventd or progress polling...
[[0;32m  OK  [0m] Listening on /dev/initctl Compatibility Named Pipe.
[[0;32m  OK  [0m] Listening on Journal Audit Socket.
         Starting Journal Service...
[[0;32m  OK  [0m] Reached target Swap.
[[0;32m  OK  [0m] Reached target Slices.
         Mounting Huge Pages File System...
[   11.529805] iscsi: registered transport (iser)
[[0;32m  OK  [0m] Created slice system-serial\x2dgetty.slice.
[[0;32m  OK  [0m] Listening on fsck to fsckd communication Socket.
         Starting File System Check on Root Device...
[[0;32m  OK  [0m] Set up automount Arbitrary Executab…rmats File System Automount Point.
[[0;32m  OK  [0m] Reached target User and Group Name Lookups.
[[0;32m  OK  [0m] Started Journal Service.
[[0;32m  OK  [0m] Started Uncomplicated firewall.
[[0;32m  OK  [0m] Started Load Kernel Modules.
[[0;32m  OK  [0m] Mounted POSIX Message Queue File System.
[[0;32m  OK  [0m] Mounted Kernel Debug File System.
[[0;32m  OK  [0m] Started Create list of required sta…vice nodes for the current kernel.
[[0;32m  OK  [0m] Mounted Huge Pages File System.
[[0;32m  OK  [0m] Started File System Check Daemon to report status.
         Starting Create Static Device Nodes in /dev...
         Mounting Kernel Configuration File System...
         Mounting FUSE Control File System...
         Starting Apply Kernel Variables...
[[0;32m  OK  [0m] Started udev Coldplug all Devices.
[[0;32m  OK  [0m] Mounted FUSE Control File System.
[[0;32m  OK  [0m] Mounted Kernel Configuration File System.
[[0;32m  OK  [0m] Started File System Check on Root Device.
         Starting Remount Root and Kernel File Systems...
[[0;32m  OK  [0m] Started LVM2 metadata daemon.
[[0;32m  OK  [0m] Started Create Static Device Nodes in /dev.
[[0;32m  OK  [0m] Started Apply Kernel Variables.
[[0;32m  OK  [0m] Started Remount Root and Kernel File Systems.
[[0;32m  OK  [0m] Started Monitoring of LVM2 mirrors,…sing dmeventd or progress polling.
         Starting Flush Journal to Persistent Storage...
         Starting udev Kernel Device Manager...
         Starting Load/Save Random Seed...
[[0;32m  OK  [0m] Started Load/Save Random Seed.
[[0;32m  OK  [0m] Started udev Kernel Device Manager.
[[0;32m  OK  [0m] Started Flush Journal to Persistent Storage.
[[0;32m  OK  [0m] Found device /dev/ttyS0.
[[0;32m  OK  [0m] Listening on Load/Save RF Kill Switch Status /dev/rfkill Watch.
         Mounting Arbitrary Executable File Formats File System...
[[0;32m  OK  [0m] Mounted Arbitrary Executable File Formats File System.
[[0;32m  OK  [0m] Started Set the console keyboard layout.
[[0;32m  OK  [0m] Started Dispatch Password Requests to Console Directory Watch.
[[0;32m  OK  [0m] Reached target Local Encrypted Volumes.
[[0;32m  OK  [0m] Reached target Local File Systems (Pre).
[[0;32m  OK  [0m] Reached target Local File Systems.
         Starting AppArmor initialization...
         Starting Set console font and keymap...
         Starting Create Volatile Files and Directories...
         Starting Tell Plymouth To Write Out Runtime Data...
         Starting Commit a transient machine-id on disk...
         Starting ebtables ruleset management...
[[0;32m  OK  [0m] Started Tell Plymouth To Write Out Runtime Data.
[[0;32m  OK  [0m] Started Create Volatile Files and Directories.
         Starting Update UTMP about System Boot/Shutdown...
[[0;32m  OK  [0m] Started Update UTMP about System Boot/Shutdown.
[[0;32m  OK  [0m] Started Commit a transient machine-id on disk.
[[0;32m  OK  [0m] Started ebtables ruleset management.
[[0;32m  OK  [0m] Started AppArmor initialization.
         Starting Initial cloud-init job (pre-networking)...
         Starting Load AppArmor profiles managed internally by snapd...
[[0;32m  OK  [0m] Started Load AppArmor profiles managed internally by snapd.
[[0;32m  OK  [0m] Started Set console font and keymap.
[   23.779150] cloud-init[881]: Cloud-init v. 22.4.2-0ubuntu0~18.04.1 running 'init-local' at Mon, 26 Dec 2022 18:04:03 +0000. Up 23.02 seconds.
[[0;32m  OK  [0m] Started Initial cloud-init job (pre-networking).
[[0;32m  OK  [0m] Reached target Network (Pre).
         Starting Network Service...
[[0;32m  OK  [0m] Started Network Service.
         Starting Wait for Network to be Configured...
         Starting Network Name Resolution...
[[0;32m  OK  [0m] Started Network Name Resolution.
[[0;32m  OK  [0m] Reached target Host and Network Name Lookups.
[[0;32m  OK  [0m] Reached target Network.
[[0;32m  OK  [0m] Started Wait for Network to be Configured.
         Starting Initial cloud-init job (metadata service crawler)...
[   28.045376] cloud-init[1039]: Cloud-init v. 22.4.2-0ubuntu0~18.04.1 running 'init' at Mon, 26 Dec 2022 18:04:08 +0000. Up 27.38 seconds.
[   28.131972] cloud-init[1039]: ci-info: ++++++++++++++++++++++++++++++++++++++Net device info+++++++++++++++++++++++++++++++++++++++
[   28.160981] cloud-init[1039]: ci-info: +--------+-------+----------------------------+---------------+--------+-------------------+
[   28.173110] cloud-init[1039]: ci-info: | Device |   Up  |          Address           |      Mask     | Scope  |     Hw-Address    |
[   28.202748] cloud-init[1039]: ci-info: +--------+-------+----------------------------+---------------+--------+-------------------+
[   28.240905] cloud-init[1039]: ci-info: | enp0s3 |  True |         10.0.2.15          | 255.255.255.0 | global | 02:40:49:ac:f0:20 |
[   28.266040] cloud-init[1039]: ci-info: | enp0s3 |  True | fe80::40:49ff:feac:f020/64 |       .       |  link  | 02:40:49:ac:f0:20 |
[   28.278413] cloud-init[1039]: ci-info: | enp0s8 | False |             .              |       .       |   .    | 08:00:27:4a:db:39 |
[   28.290547] cloud-init[1039]: ci-info: |   lo   |  True |         127.0.0.1          |   255.0.0.0   |  host  |         .         |
[   28.312299] cloud-init[1039]: ci-info: |   lo   |  True |          ::1/128           |       .       |  host  |         .         |
[   28.322819] cloud-init[1039]: ci-info: +--------+-------+----------------------------+---------------+--------+-------------------+
[   28.340738] cloud-init[1039]: ci-info: ++++++++++++++++++++++++++++Route IPv4 info+++++++++++++++++++++++++++++
[   28.376811] cloud-init[1039]: ci-info: +-------+-------------+----------+-----------------+-----------+-------+
[   28.393820] cloud-init[1039]: ci-info: | Route | Destination | Gateway  |     Genmask     | Interface | Flags |
[   28.414032] cloud-init[1039]: ci-info: +-------+-------------+----------+-----------------+-----------+-------+
[   28.430059] cloud-init[1039]: ci-info: |   0   |   0.0.0.0   | 10.0.2.2 |     0.0.0.0     |   enp0s3  |   UG  |
[   28.568710] cloud-init[1039]: ci-info: |   1   |   10.0.2.0  | 0.0.0.0  |  255.255.255.0  |   enp0s3  |   U   |
[   28.580904] cloud-init[1039]: ci-info: |   2   |   10.0.2.2  | 0.0.0.0  | 255.255.255.255 |   enp0s3  |   UH  |
[   28.588157] cloud-init[1039]: ci-info: +-------+-------------+----------+-----------------+-----------+-------+
[   28.600730] cloud-init[1039]: ci-info: +++++++++++++++++++Route IPv6 info+++++++++++++++++++
[   28.605303] cloud-init[1039]: ci-info: +-------+-------------+---------+-----------+-------+
[   28.620508] cloud-init[1039]: ci-info: | Route | Destination | Gateway | Interface | Flags |
[   28.636319] cloud-init[1039]: ci-info: +-------+-------------+---------+-----------+-------+
[   28.659559] cloud-init[1039]: ci-info: |   1   |  fe80::/64  |    ::   |   enp0s3  |   U   |
[   28.676662] cloud-init[1039]: ci-info: |   3   |    local    |    ::   |   enp0s3  |   U   |
[   28.685100] cloud-init[1039]: ci-info: |   4   |   ff00::/8  |    ::   |   enp0s3  |   U   |
[   28.711854] cloud-init[1039]: ci-info: +-------+-------------+---------+-----------+-------+
[   30.202704] cloud-init[1039]: Generating public/private rsa key pair.
[   30.213405] cloud-init[1039]: Your identification has been saved in /etc/ssh/ssh_host_rsa_key.
[   30.227183] cloud-init[1039]: Your public key has been saved in /etc/ssh/ssh_host_rsa_key.pub.
[   30.249949] cloud-init[1039]: The key fingerprint is:
[   30.256049] cloud-init[1039]: SHA256:pmdhzflDQUKW3ldPVbhYjjE1/RDAZYhtEiLuxh8DLGs root@ubuntu-bionic
[   30.265019] cloud-init[1039]: The key's randomart image is:
[   30.270792] cloud-init[1039]: +---[RSA 2048]----+
[   30.281654] cloud-init[1039]: |      . ..=*o=*+=|
[   30.297419] cloud-init[1039]: |     o . o+oB.+.+|
[   30.302660] cloud-init[1039]: |    . +  . +.B =o|
[   30.336609] cloud-init[1039]: |     = . o..+.+ o|
[   30.352195] cloud-init[1039]: |    E + S + ..   |
[   30.380141] cloud-init[1039]: |   . . = + o     |
[   30.399951] cloud-init[1039]: |      . +   o    |
[   30.416355] cloud-init[1039]: |       o     .   |
[   30.430707] cloud-init[1039]: |                 |
[   30.450056] cloud-init[1039]: +----[SHA256]-----+
[   30.452734] cloud-init[1039]: Generating public/private dsa key pair.
[   30.455763] cloud-init[1039]: Your identification has been saved in /etc/ssh/ssh_host_dsa_key.
[   30.458831] cloud-init[1039]: Your public key has been saved in /etc/ssh/ssh_host_dsa_key.pub.
[   30.466558] cloud-init[1039]: The key fingerprint is:
[   30.471687] cloud-init[1039]: SHA256:fMxEzy2XcJNoiIL4Z4Kr7ZntvyFcMA6AR/y033zYwJY root@ubuntu-bionic
[   30.496892] cloud-init[1039]: The key's randomart image is:
[   30.501624] cloud-init[1039]: +---[DSA 1024]----+
[   30.507225] cloud-init[1039]: |oo.. .   .....o. |
[   30.544591] cloud-init[1039]: |..+ o . ...oo+.o |
[   30.551752] cloud-init[1039]: | ..=o. o ...+ +  |
[   30.569585] cloud-init[1039]: |  .o=oo.E+   o   |
[   30.575060] cloud-init[1039]: |   ..=.+S++      |
[   30.585255] cloud-init[1039]: |  .. .. +.o      |
[   30.597732] cloud-init[1039]: | o  o .  .       |
[   30.614264] cloud-init[1039]: |. .+ . .         |
[   30.618472] cloud-init[1039]: | .+.o.o.         |
[   30.622665] cloud-init[1039]: +----[SHA256]-----+
[   30.627264] cloud-init[1039]: Generating public/private ecdsa key pair.
[   30.645002] cloud-init[1039]: Your identification has been saved in /etc/ssh/ssh_host_ecdsa_key.
[   30.664397] cloud-init[1039]: Your public key has been saved in /etc/ssh/ssh_host_ecdsa_key.pub.
[   30.679200] cloud-init[1039]: The key fingerprint is:
[   30.695309] cloud-init[1039]: SHA256:kxKoJYDYGbxW7Bl5K4aaqSGgVhxW/Nkal2eI7x/awHw root@ubuntu-bionic
[   30.702095] cloud-init[1039]: The key's randomart image is:
[   30.707683] cloud-init[1039]: +---[ECDSA 256]---+
[   30.728576] cloud-init[1039]: |+o.+oo           |
[   30.747356] cloud-init[1039]: |o.+o=o.          |
[   30.753368] cloud-init[1039]: |  +=++o.+ o      |
[   30.756586] cloud-init[1039]: |. +*= .* * o     |
[   30.759675] cloud-init[1039]: |o=o. .. S o      |
[   30.782837] cloud-init[1039]: |B.     ooo       |
[   30.796958] cloud-init[1039]: |+.      .+ E     |
[   30.799907] cloud-init[1039]: |.        .= .    |
[   30.802928] cloud-init[1039]: |         ..o     |
[   30.805934] cloud-init[1039]: +----[SHA256]-----+
[   30.811755] cloud-init[1039]: Generating public/private ed25519 key pair.
[   30.816116] cloud-init[1039]: Your identification has been saved in /etc/ssh/ssh_host_ed25519_key.
[   30.840492] cloud-init[1039]: Your public key has been saved in /etc/ssh/ssh_host_ed25519_key.pub.
[   30.863411] cloud-init[1039]: The key fingerprint is:
[   30.868571] cloud-init[1039]: SHA256:OnQgm9QlYKxOeRlb3fKoTOFYyktN/Qa6D7TaU3CBqnc root@ubuntu-bionic
[[0;32m  OK  [0m] Started Initial cloud-init job (metadata service crawler).
[[0;32m  OK  [0m] Reached target Cloud-config availability.
[   30.890024] cloud-init[1039]: The key's randomart image is:
[   30.917062] cloud-init[1039]: +--[ED25519 256]--+
[[0;32m  OK  [0m] Reached target Network is Online.
[   30.927286] cloud-init[1039]: |   .o..+..       |
         Starting Availability of block devices...
[   30.957731] [cloud-init[0;32m  OK  [0m[1039]: ] |   .o.*o* .      |Reached target Remote File Systems (Pre).

[   30.965843] [[0;32m  OK  [0m] Reached target Remote File Systems.
[[0;32m  OK  [0m] Reached target System Initialization.
cloud-init[1039]: |   +o&oo B       |
         Starting Socket activation for snappy daemon.
[[0;32m  OK  [0m] Started Ubuntu Advantage Timer for running repeated jobs.
[[0;32m  OK  [0m] Listening on cloud-init hotplug hook socket.
[   30.988447] cloud-init[1039]: |  +.X+B.o +      |
[[0;32m  OK  [0m] Listening on D-Bus System Message Bus Socket.
[[0;32m  OK  [0m] Listening on UUID daemon activation socket.
[   31.007907] cloud-init[1039]: | o +o=.*S.       |
[[0;32m  OK  [0m] Started Daily apt download activities.
[[0;32m  OK  [0m] Started Daily apt upgrade and clean activities.
[[0;32m  OK  [0m] Listening on Open-iSCSI iscsid Socket.
[   31.015555] cloud-init[1039]: |  o o.Eo.        |
[[0;32m  OK  [0m] Started Discard unused blocks once a week.
[[0;32m  OK  [0m] Started Daily Cleanup of Temporary Directories.
[   31.048709] cloud-init[1039]: |   . +o+         |
[[0;32m  OK  [0m] Started ACPI Events Check.
[[0;32m  OK  [0m] Reached target Paths.
[[0;32m  OK  [0m] Listening on ACPID Listen Socket.
         Starting LXD - unix socket.
[[0;32m  OK  [0m] Started Message of the Day.
[[0;32m  OK  [0m] Reached target Timers.
[[0;32m  OK  [0m] Started Availability of block devices.
[[0;32m  OK  [0m] Listening on Socket activation for snappy daemon.
[[0;32m  OK  [0m] Listening on LXD - unix socket.
[[0;32m  OK  [0m] Reached target Sockets.
[[0;32m  OK  [0m] Reached target Basic System.
[[0;32m  OK  [0m] Started irqbalance daemon.
[[0;32m  OK  [0m] Started Deferred execution scheduler.
[   31.255614] cloud-init[1039]: |    . o..        |
[[0;32m  OK  [0m] Reached target Login Prompts (Pre).
[   31.320608] cloud-init[1039]: |       .         |
[   31.340603] cloud-init[1039]: +----[SHA256]-----+
         Starting Pollinate to seed the pseudo random number generator...
         Starting Dispatcher daemon for systemd-networkd...
[[0;32m  OK  [0m] Started FUSE filesystem for LXC.
         Starting LXD - container startup/shutdown...
         Starting System Logging Service...
         Starting LSB: Record successful boot for GRUB...
         Starting LSB: automatic crash report generation...
         Starting Accounts Service...
         Starting Login Service...
         Starting Snap Daemon...
[[0;32m  OK  [0m] Started Regular background program processing daemon.
         Starting Permit User Sessions...
[[0;32m  OK  [0m] Started D-Bus System Message Bus.
[[0;32m  OK  [0m] Started Login Service.
[[0;32m  OK  [0m] Started Unattended Upgrades Shutdown.
         Starting Virtualbox guest utils...
[[0;32m  OK  [0m] Started System Logging Service.
[[0;32m  OK  [0m] Started Permit User Sessions.
         Starting Hold until boot process finishes up...
         Starting Terminate Plymouth Boot Screen...
[[0;32m  OK  [0m] Started Hold until boot process finishes up.
[[0;32m  OK  [0m] Started Terminate Plymouth Boot Screen.
         Starting Set console scheme...
[[0;32m  OK  [0m] Started Serial Getty on ttyS0.
[[0;32m  OK  [0m] Started LSB: automatic crash report generation.
[[0;32m  OK  [0m] Started Set console scheme.
[[0;32m  OK  [0m] Created slice system-getty.slice.
[[0;32m  OK  [0m] Started Getty on tty1.
[[0;32m  OK  [0m] Reached target Login Prompts.
         Starting Authorization Manager...
[[0;32m  OK  [0m] Started LSB: Record successful boot for GRUB.
[[0;32m  OK  [0m] Started Dispatcher daemon for systemd-networkd.
[[0;32m  OK  [0m] Started Authorization Manager.
[[0;32m  OK  [0m] Started Accounts Service.
[[0;32m  OK  [0m] Started LXD - container startup/shutdown.
[[0;32m  OK  [0m] Started Virtualbox guest utils.
[[0;32m  OK  [0m] Started Snap Daemon.
         Starting Wait until snapd is fully seeded...
         Starting Time & Date Service...
[[0;32m  OK  [0m] Started Time & Date Service.
[[0;32m  OK  [0m] Started Wait until snapd is fully seeded.
         Starting Apply the settings specified in cloud-config...

Ubuntu 18.04.6 LTS ubuntu-bionic ttyS0

ubuntu-bionic login: [   39.615128] cloud-init[1552]: Cloud-init v. 22.4.2-0ubuntu0~18.04.1 running 'modules:config' at Mon, 26 Dec 2022 18:04:19 +0000. Up 38.10 seconds.
ci-info: no authorized SSH keys fingerprints found for user ubuntu.
<14>Dec 26 18:04:26 cloud-init: #############################################################
<14>Dec 26 18:04:26 cloud-init: -----BEGIN SSH HOST KEY FINGERPRINTS-----
<14>Dec 26 18:04:26 cloud-init: 1024 SHA256:fMxEzy2XcJNoiIL4Z4Kr7ZntvyFcMA6AR/y033zYwJY root@ubuntu-bionic (DSA)
<14>Dec 26 18:04:26 cloud-init: 256 SHA256:kxKoJYDYGbxW7Bl5K4aaqSGgVhxW/Nkal2eI7x/awHw root@ubuntu-bionic (ECDSA)
<14>Dec 26 18:04:26 cloud-init: 256 SHA256:OnQgm9QlYKxOeRlb3fKoTOFYyktN/Qa6D7TaU3CBqnc root@ubuntu-bionic (ED25519)
<14>Dec 26 18:04:26 cloud-init: 2048 SHA256:pmdhzflDQUKW3ldPVbhYjjE1/RDAZYhtEiLuxh8DLGs root@ubuntu-bionic (RSA)
<14>Dec 26 18:04:26 cloud-init: -----END SSH HOST KEY FINGERPRINTS-----
<14>Dec 26 18:04:26 cloud-init: #############################################################
-----BEGIN SSH HOST KEY KEYS-----
ecdsa-sha2-nistp256 AAAAE2VjZHNhLXNoYTItbmlzdHAyNTYAAAAIbmlzdHAyNTYAAABBBD+JeSIwDqZVWgJen8rEpylKa30lBAvBx/j4BCHmapqvFG2ApkD5d+7+C22d6f3tac0tPla+pvbO4ax3cp8YV4Q= root@ubuntu-bionic
ssh-ed25519 AAAAC3NzaC1lZDI1NTE5AAAAIHSBdC71GdMleMbBsiAp57Cse88Sdcn3aYI6ezMil+CX root@ubuntu-bionic
ssh-rsa AAAAB3NzaC1yc2EAAAADAQABAAABAQCfR+zIgrWrWUZYw4pVPYvPmxM5VKHjtX4AKBRbdysdDbffHXasPHJLBYFQCrdBWl+24ugAGDAi59Y/iUugkLKG7LEM+XWX8rfymvWrQDhsnymUTLqYDor3ThWLf7DxZchwGdwZCf4BN1aSo1KRtD5Y4ZHowZGiqjYgidtSlXAGZ/7PM3i65L7VMT3k2FdzIaWrI9jnQa83w9lKfeCWVv/eZaWS/QPN2KSwJHIw+MZW7LAdFOJDBAtvDTCAowNGeKJSUD86km58DgeeqS4jQBQbGmW5VbhKss1zQOxowv1g0CltS0dYGEpkZo7+nqsxJIaowi1Xo2dkPuHqUBIT6TIh root@ubuntu-bionic
-----END SSH HOST KEY KEYS-----
[   46.099979] cloud-init[1664]: Cloud-init v. 22.4.2-0ubuntu0~18.04.1 running 'modules:final' at Mon, 26 Dec 2022 18:04:26 +0000. Up 45.20 seconds.
[   46.100388] cloud-init[1664]: Cloud-init v. 22.4.2-0ubuntu0~18.04.1 finished at Mon, 26 Dec 2022 18:04:26 +0000. Datasource DataSourceNoCloud [seed=/dev/sdb][dsmode=net].  Up 45.96 seconds
